<?xml version="1.0" encoding="UTF-8"?>
<!-- Generated by org.testng.reporters.JUnitXMLReporter -->
<testsuite hostname="praveen" ignored="0" name="TestFirefox" tests="1" failures="1" timestamp="2021-05-26T02:27:10 CDT" time="2.037" errors="0">
  <testcase name="@AfterMethod closeBrowser" time="2.003" classname="Yahoo.YahooLogin">
    <failure type="java.lang.NullPointerException">
      <![CDATA[java.lang.NullPointerException
at Yahoo.YahooLogin.closeBrowser(YahooLogin.java:51)
at java.util.ArrayList.forEach(ArrayList.java:1257)
... Removed 32 stack frames]]>
    </failure>
  </testcase> <!-- @AfterMethod closeBrowser -->
  <testcase name="loginApp" time="0.005" classname="Yahoo.YahooLogin">
    <failure type="java.lang.NullPointerException">
      <![CDATA[java.lang.NullPointerException
at Yahoo.YahooLogin.loginApp(YahooLogin.java:40)
at java.util.ArrayList.forEach(ArrayList.java:1257)
... Removed 27 stack frames]]>
    </failure>
  </testcase> <!-- loginApp -->
</testsuite> <!-- TestFirefox -->
