<?xml version="1.0" encoding="UTF-8"?>
<testsuite xmlns:xsi="http://www.w3.org/2001/XMLSchema-instance" xsi:noNamespaceSchemaLocation="https://maven.apache.org/surefire/maven-surefire-plugin/xsd/surefire-test-report-3.0.xsd" version="3.0" name="TestSuite" time="54.367" tests="11" errors="0" skipped="0" failures="0">
  <properties>
[...]
</properties>
  <testcase name="browser" classname="MavenDemo.MavenTest1" time="53.088">
    <system-out><![CDATA[Inside Browser Method
]]></system-out>
    <system-err><![CDATA[1622216996246	mozrunner::runner	INFO	Running command: "C:\\Program Files\\Mozilla Firefox\\firefox.exe" "-marionette" "-foreground" "-no-remote" "-profile" "C:\\Users\\ADMIN\\AppData\\Local\\Temp\\rust_mozprofileeuNcdL"
1622216999828	Marionette	INFO	Marionette enabled
JavaScript error: resource://gre/modules/XULStore.jsm, line 66: Error: Can't find profile directory.
console.warn: SearchSettings: "get: No settings file exists, new profile?" (new Error("", "(unknown module)"))
console.error: Region.jsm: "Error fetching region" (new Error("TIMEOUT", "resource://gre/modules/Region.jsm", 772))
console.error: Region.jsm: "Failed to fetch region" (new Error("TIMEOUT", "resource://gre/modules/Region.jsm", 419))
1622217036703	Marionette	INFO	Listening on port 64096
1622217038260	Marionette	WARN	TLS certificate errors will be ignored for this session
May 28, 2021 10:50:38 AM org.openqa.selenium.remote.ProtocolHandshake createSession
INFO: Detected dialect: W3C
]]></system-err>
  </testcase>
  <testcase name="testPrint1" classname="MavenDemo.MavenTest1" time="0">
    <system-out><![CDATA[testPrint1 Karthick Praveen
]]></system-out>
  </testcase>
  <testcase name="testPrint2" classname="MavenDemo.MavenTest1" time="0.002">
    <system-out><![CDATA[testPrint2
]]></system-out>
  </testcase>
  <testcase name="testPrint3" classname="MavenDemo.MavenTest1" time="0.024">
    <system-out><![CDATA[testPrint3
]]></system-out>
  </testcase>
  <testcase name="testPrint4" classname="MavenDemo.MavenTest1" time="0.001">
    <system-out><![CDATA[testPrint4
]]></system-out>
  </testcase>
  <testcase name="testPrint5" classname="MavenDemo.MavenTest1" time="0">
    <system-out><![CDATA[testPrint5
]]></system-out>
  </testcase>
  <testcase name="testPrint1" classname="MavenDemo.MavenTest2" time="0">
    <system-out><![CDATA[testPrint1
]]></system-out>
  </testcase>
  <testcase name="testPrint2" classname="MavenDemo.MavenTest2" time="0.002">
    <system-out><![CDATA[testPrint2
]]></system-out>
  </testcase>
  <testcase name="testPrint3" classname="MavenDemo.MavenTest2" time="0.005">
    <system-out><![CDATA[testPrint3
]]></system-out>
  </testcase>
  <testcase name="testPrint4" classname="MavenDemo.MavenTest2" time="0.004">
    <system-out><![CDATA[testPrint4
]]></system-out>
  </testcase>
  <testcase name="testPrint5" classname="MavenDemo.MavenTest2" time="0">
    <system-out><![CDATA[testPrint5
]]></system-out>
  </testcase>
</testsuite>