<?xml version="1.0" encoding="UTF-8"?>
<testng-results skipped="0" failed="0" ignored="0" total="1" passed="1">
  <reporter-output>
  </reporter-output>
  <suite name="Default suite" duration-ms="679" started-at="2021-05-15T00:27:59 CDT" finished-at="2021-05-15T00:28:00 CDT">
    <groups>
    </groups>
    <test name="Default test" duration-ms="679" started-at="2021-05-15T00:27:59 CDT" finished-at="2021-05-15T00:28:00 CDT">
      <class name="MavenDemo.MavenTest1">
        <test-method status="PASS" signature="testPrint()[pri:0, instance:MavenDemo.MavenTest1@6321e813]" name="testPrint" duration-ms="93" started-at="2021-05-15T00:27:59 CDT" finished-at="2021-05-15T00:28:00 CDT">
          <reporter-output>
          </reporter-output>
        </test-method> <!-- testPrint -->
      </class> <!-- MavenDemo.MavenTest1 -->
    </test> <!-- Default test -->
  </suite> <!-- Default suite -->
</testng-results>
