<?xml version="1.0" encoding="UTF-8"?>
<!-- Generated by org.testng.reporters.JUnitXMLReporter -->
<testsuite hostname="praveen" ignored="0" name="Test" tests="10" failures="0" timestamp="2021-05-19T01:52:30 CDT" time="0.201" errors="0">
  <testcase name="testPrint1" time="0.014" classname="MavenDemo.MavenTest1"/>
  <testcase name="testPrint2" time="0.001" classname="MavenDemo.MavenTest1"/>
  <testcase name="testPrint3" time="0.002" classname="MavenDemo.MavenTest1"/>
  <testcase name="testPrint4" time="0.001" classname="MavenDemo.MavenTest1"/>
  <testcase name="testPrint5" time="0.002" classname="MavenDemo.MavenTest1"/>
  <testcase name="testPrint1" time="0.002" classname="MavenDemo.MavenTest2"/>
  <testcase name="testPrint2" time="0.001" classname="MavenDemo.MavenTest2"/>
  <testcase name="testPrint3" time="0.002" classname="MavenDemo.MavenTest2"/>
  <testcase name="testPrint4" time="0.001" classname="MavenDemo.MavenTest2"/>
  <testcase name="testPrint5" time="0.001" classname="MavenDemo.MavenTest2"/>
</testsuite> <!-- Test -->
