<?xml version="1.0" encoding="UTF-8"?>
<testsuite xmlns:xsi="http://www.w3.org/2001/XMLSchema-instance" xsi:noNamespaceSchemaLocation="https://maven.apache.org/surefire/maven-surefire-plugin/xsd/surefire-test-report-3.0.xsd" version="3.0" name="TestSuite" time="28.701" tests="1" errors="0" skipped="0" failures="0">
  <properties>
[...]
</properties>
  <testcase name="loginApp[https://login.yahoo.com/](1)" classname="Yahoo.YahooLogin" time="12.843">
    <system-out><![CDATA[firefox Launched
]]></system-out>
    <system-err><![CDATA[1622177780077	mozrunner::runner	INFO	Running command: "C:\\Program Files\\Mozilla Firefox\\firefox.exe" "-marionette" "-foreground" "-no-remote" "-profile" "C:\\Windows\\TEMP\\rust_mozprofileyswSqs"
1622177781769	Marionette	INFO	Marionette enabled
[GFX1-]: RcANGLE(swap chain create failed 887a0022)
[GFX1-]: Failed to connect WebRenderBridgeChild.
[GFX1-]: Fallback (SW-)WR to Basic
JavaScript error: resource://gre/modules/XULStore.jsm, line 66: Error: Can't find profile directory.
console.warn: SearchSettings: "get: No settings file exists, new profile?" (new Error("", "(unknown module)"))
1622177786334	Marionette	INFO	Listening on port 51865
1622177786672	Marionette	WARN	TLS certificate errors will be ignored for this session
May 27, 2021 11:56:26 PM org.openqa.selenium.remote.ProtocolHandshake createSession
INFO: Detected dialect: W3C
JavaScript error: https://s.yimg.com/rq/darla/4-8-0/js/sfext-min.js, line 2: TypeError: right-hand side of 'in' should be an object, got null
]]></system-err>
  </testcase>
</testsuite>